2022-05-15T09:54:48.024+0700 [DEBUG] [org.gradle.launcher.daemon.bootstrap.DaemonMain] Assuming the daemon was started with following jvm opts: [--add-opens, java.base/java.util=ALL-UNNAMED, --add-opens, java.base/java.lang=ALL-UNNAMED, --add-opens, java.base/java.lang.invoke=ALL-UNNAMED, --add-opens, java.base/java.util=ALL-UNNAMED, --add-opens, java.prefs/java.util.prefs=ALL-UNNAMED, --add-opens, java.prefs/java.util.prefs=ALL-UNNAMED, --add-opens, java.base/java.nio.charset=ALL-UNNAMED, --add-opens, java.base/java.net=ALL-UNNAMED, --add-opens, java.base/java.util.concurrent.atomic=ALL-UNNAMED, -Xmx2048m, -Dfile.encoding=UTF-8, -Duser.country=US, -Duser.language=en, -Duser.variant]
2022-05-15T09:54:48.335+0700 [DEBUG] [org.gradle.internal.nativeintegration.services.NativeServices] Native-platform posix files integration is not available. Continuing with fallback.
2022-05-15T09:54:48.349+0700 [INFO] [org.gradle.launcher.daemon.server.Daemon] start() called on daemon - DefaultDaemonContext[uid=7c27196d-193a-4d54-88ae-234ab7ff120f,javaHome=C:\Program Files\Java\jdk-17.0.2,daemonRegistryDir=D:\PROJECT-Android\PROJECT-SUDOKU\SUDOKU\gradle\wrapper\daemon,pid=33048,idleTimeout=10800000,priority=NORMAL,daemonOpts=--add-opens,java.base/java.util=ALL-UNNAMED,--add-opens,java.base/java.lang=ALL-UNNAMED,--add-opens,java.base/java.lang.invoke=ALL-UNNAMED,--add-opens,java.base/java.util=ALL-UNNAMED,--add-opens,java.prefs/java.util.prefs=ALL-UNNAMED,--add-opens,java.prefs/java.util.prefs=ALL-UNNAMED,--add-opens,java.base/java.nio.charset=ALL-UNNAMED,--add-opens,java.base/java.net=ALL-UNNAMED,--add-opens,java.base/java.util.concurrent.atomic=ALL-UNNAMED,-Xmx2048m,-Dfile.encoding=UTF-8,-Duser.country=US,-Duser.language=en,-Duser.variant]
2022-05-15T09:54:48.447+0700 [DEBUG] [org.gradle.internal.remote.internal.inet.InetAddresses] Adding IP addresses for network interface Software Loopback Interface 1
2022-05-15T09:54:48.449+0700 [DEBUG] [org.gradle.internal.remote.internal.inet.InetAddresses] Is this a loopback interface? true
2022-05-15T09:54:48.449+0700 [DEBUG] [org.gradle.internal.remote.internal.inet.InetAddresses] Adding loopback address /127.0.0.1
2022-05-15T09:54:48.449+0700 [DEBUG] [org.gradle.internal.remote.internal.inet.InetAddresses] Adding loopback address /0:0:0:0:0:0:0:1
2022-05-15T09:54:48.450+0700 [DEBUG] [org.gradle.internal.remote.internal.inet.InetAddresses] Adding IP addresses for network interface Remote NDIS based Internet Sharing Device
2022-05-15T09:54:48.452+0700 [DEBUG] [org.gradle.internal.remote.internal.inet.InetAddresses] Is this a loopback interface? false
2022-05-15T09:54:48.453+0700 [DEBUG] [org.gradle.internal.remote.internal.inet.InetAddresses] Adding IP addresses for network interface Microsoft 6to4 Adapter
2022-05-15T09:54:48.454+0700 [DEBUG] [org.gradle.internal.remote.internal.inet.InetAddresses] Is this a loopback interface? false
2022-05-15T09:54:48.455+0700 [DEBUG] [org.gradle.internal.remote.internal.inet.InetAddresses] Adding IP addresses for network interface WAN Miniport (PPPOE)
2022-05-15T09:54:48.457+0700 [DEBUG] [org.gradle.internal.remote.internal.inet.InetAddresses] Is this a loopback interface? false
2022-05-15T09:54:48.457+0700 [DEBUG] [org.gradle.internal.remote.internal.inet.InetAddresses] Adding IP addresses for network interface Microsoft IP-HTTPS Platform Adapter
2022-05-15T09:54:48.459+0700 [DEBUG] [org.gradle.internal.remote.internal.inet.InetAddresses] Is this a loopback interface? false
2022-05-15T09:54:48.459+0700 [DEBUG] [org.gradle.internal.remote.internal.inet.InetAddresses] Adding IP addresses for network interface Intel(R) Ethernet Connection (2) I219-V
2022-05-15T09:54:48.461+0700 [DEBUG] [org.gradle.internal.remote.internal.inet.InetAddresses] Is this a loopback interface? false
2022-05-15T09:54:48.461+0700 [DEBUG] [org.gradle.internal.remote.internal.inet.InetAddresses] Adding remote address /192.168.1.4
2022-05-15T09:54:48.461+0700 [DEBUG] [org.gradle.internal.remote.internal.inet.InetAddresses] Adding remote address /2402:800:6172:c4a4:ac23:c130:a143:c7bb
2022-05-15T09:54:48.461+0700 [DEBUG] [org.gradle.internal.remote.internal.inet.InetAddresses] Adding remote address /2402:800:6172:c4a4:2461:7c9a:e9b1:5f50
2022-05-15T09:54:48.461+0700 [DEBUG] [org.gradle.internal.remote.internal.inet.InetAddresses] Adding remote address /2402:800:6172:c4a4:59f8:c349:5aec:a2bc
2022-05-15T09:54:48.462+0700 [DEBUG] [org.gradle.internal.remote.internal.inet.InetAddresses] Adding remote address /2402:800:6172:c4a4:6182:b1c2:fb7b:5792
2022-05-15T09:54:48.462+0700 [DEBUG] [org.gradle.internal.remote.internal.inet.InetAddresses] Adding remote address /2402:800:6172:c4a4:a9d9:80a:6a73:6d53
2022-05-15T09:54:48.462+0700 [DEBUG] [org.gradle.internal.remote.internal.inet.InetAddresses] Adding remote address /fe80:0:0:0:ac23:c130:a143:c7bb%eth1
2022-05-15T09:54:48.462+0700 [DEBUG] [org.gradle.internal.remote.internal.inet.InetAddresses] Adding IP addresses for network interface VirtualBox Host-Only Ethernet Adapter #2
2022-05-15T09:54:48.464+0700 [DEBUG] [org.gradle.internal.remote.internal.inet.InetAddresses] Is this a loopback interface? false
2022-05-15T09:54:48.465+0700 [DEBUG] [org.gradle.internal.remote.internal.inet.InetAddresses] Adding IP addresses for network interface WAN Miniport (IKEv2)
2022-05-15T09:54:48.467+0700 [DEBUG] [org.gradle.internal.remote.internal.inet.InetAddresses] Is this a loopback interface? false
2022-05-15T09:54:48.467+0700 [DEBUG] [org.gradle.internal.remote.internal.inet.InetAddresses] Adding IP addresses for network interface WAN Miniport (L2TP)
2022-05-15T09:54:48.470+0700 [DEBUG] [org.gradle.internal.remote.internal.inet.InetAddresses] Is this a loopback interface? false
2022-05-15T09:54:48.471+0700 [DEBUG] [org.gradle.internal.remote.internal.inet.InetAddresses] Adding IP addresses for network interface WAN Miniport (Network Monitor)
2022-05-15T09:54:48.474+0700 [DEBUG] [org.gradle.internal.remote.internal.inet.InetAddresses] Is this a loopback interface? false
2022-05-15T09:54:48.475+0700 [DEBUG] [org.gradle.internal.remote.internal.inet.InetAddresses] Adding IP addresses for network interface Microsoft Teredo Tunneling Adapter
2022-05-15T09:54:48.477+0700 [DEBUG] [org.gradle.internal.remote.internal.inet.InetAddresses] Is this a loopback interface? false
2022-05-15T09:54:48.477+0700 [DEBUG] [org.gradle.internal.remote.internal.inet.InetAddresses] Adding IP addresses for network interface WAN Miniport (PPTP)
2022-05-15T09:54:48.480+0700 [DEBUG] [org.gradle.internal.remote.internal.inet.InetAddresses] Is this a loopback interface? false
2022-05-15T09:54:48.480+0700 [DEBUG] [org.gradle.internal.remote.internal.inet.InetAddresses] Adding IP addresses for network interface VirtualBox Host-Only Ethernet Adapter #2
2022-05-15T09:54:48.482+0700 [DEBUG] [org.gradle.internal.remote.internal.inet.InetAddresses] Is this a loopback interface? false
2022-05-15T09:54:48.482+0700 [DEBUG] [org.gradle.internal.remote.internal.inet.InetAddresses] Adding remote address /192.168.224.2
2022-05-15T09:54:48.482+0700 [DEBUG] [org.gradle.internal.remote.internal.inet.InetAddresses] Adding remote address /fe80:0:0:0:99db:fba6:83fe:ed4c%eth4
2022-05-15T09:54:48.482+0700 [DEBUG] [org.gradle.internal.remote.internal.inet.InetAddresses] Adding IP addresses for network interface RAS Async Adapter
2022-05-15T09:54:48.483+0700 [DEBUG] [org.gradle.internal.remote.internal.inet.InetAddresses] Is this a loopback interface? false
2022-05-15T09:54:48.484+0700 [DEBUG] [org.gradle.internal.remote.internal.inet.InetAddresses] Adding IP addresses for network interface WAN Miniport (IP)
2022-05-15T09:54:48.485+0700 [DEBUG] [org.gradle.internal.remote.internal.inet.InetAddresses] Is this a loopback interface? false
2022-05-15T09:54:48.486+0700 [DEBUG] [org.gradle.internal.remote.internal.inet.InetAddresses] Adding IP addresses for network interface WAN Miniport (IPv6)
2022-05-15T09:54:48.487+0700 [DEBUG] [org.gradle.internal.remote.internal.inet.InetAddresses] Is this a loopback interface? false
2022-05-15T09:54:48.487+0700 [DEBUG] [org.gradle.internal.remote.internal.inet.InetAddresses] Adding IP addresses for network interface WAN Miniport (SSTP)
2022-05-15T09:54:48.489+0700 [DEBUG] [org.gradle.internal.remote.internal.inet.InetAddresses] Is this a loopback interface? false
2022-05-15T09:54:48.489+0700 [DEBUG] [org.gradle.internal.remote.internal.inet.InetAddresses] Adding IP addresses for network interface VirtualBox Host-Only Ethernet Adapter
2022-05-15T09:54:48.491+0700 [DEBUG] [org.gradle.internal.remote.internal.inet.InetAddresses] Is this a loopback interface? false
2022-05-15T09:54:48.491+0700 [DEBUG] [org.gradle.internal.remote.internal.inet.InetAddresses] Adding remote address /192.168.56.1
2022-05-15T09:54:48.491+0700 [DEBUG] [org.gradle.internal.remote.internal.inet.InetAddresses] Adding remote address /fe80:0:0:0:2817:946e:82d1:c9e4%eth7
2022-05-15T09:54:48.491+0700 [DEBUG] [org.gradle.internal.remote.internal.inet.InetAddresses] Adding IP addresses for network interface Microsoft Kernel Debug Network Adapter
2022-05-15T09:54:48.493+0700 [DEBUG] [org.gradle.internal.remote.internal.inet.InetAddresses] Is this a loopback interface? false
2022-05-15T09:54:48.493+0700 [DEBUG] [org.gradle.internal.remote.internal.inet.InetAddresses] Adding IP addresses for network interface VirtualBox Host-Only Ethernet Adapter-WFP Native MAC Layer LightWeight Filter-0000
2022-05-15T09:54:48.495+0700 [DEBUG] [org.gradle.internal.remote.internal.inet.InetAddresses] Is this a loopback interface? false
2022-05-15T09:54:48.495+0700 [DEBUG] [org.gradle.internal.remote.internal.inet.InetAddresses] Adding IP addresses for network interface VirtualBox Host-Only Ethernet Adapter-QoS Packet Scheduler-0000
2022-05-15T09:54:48.496+0700 [DEBUG] [org.gradle.internal.remote.internal.inet.InetAddresses] Is this a loopback interface? false
2022-05-15T09:54:48.497+0700 [DEBUG] [org.gradle.internal.remote.internal.inet.InetAddresses] Adding IP addresses for network interface VirtualBox Host-Only Ethernet Adapter-WFP 802.3 MAC Layer LightWeight Filter-0000
2022-05-15T09:54:48.498+0700 [DEBUG] [org.gradle.internal.remote.internal.inet.InetAddresses] Is this a loopback interface? false
2022-05-15T09:54:48.498+0700 [DEBUG] [org.gradle.internal.remote.internal.inet.InetAddresses] Adding IP addresses for network interface VirtualBox Host-Only Ethernet Adapter #2-WFP Native MAC Layer LightWeight Filter-0000
2022-05-15T09:54:48.500+0700 [DEBUG] [org.gradle.internal.remote.internal.inet.InetAddresses] Is this a loopback interface? false
2022-05-15T09:54:48.500+0700 [DEBUG] [org.gradle.internal.remote.internal.inet.InetAddresses] Adding IP addresses for network interface VirtualBox Host-Only Ethernet Adapter #2-QoS Packet Scheduler-0000
2022-05-15T09:54:48.502+0700 [DEBUG] [org.gradle.internal.remote.internal.inet.InetAddresses] Is this a loopback interface? false
2022-05-15T09:54:48.502+0700 [DEBUG] [org.gradle.internal.remote.internal.inet.InetAddresses] Adding IP addresses for network interface VirtualBox Host-Only Ethernet Adapter #2-WFP 802.3 MAC Layer LightWeight Filter-0000
2022-05-15T09:54:48.504+0700 [DEBUG] [org.gradle.internal.remote.internal.inet.InetAddresses] Is this a loopback interface? false
2022-05-15T09:54:48.505+0700 [DEBUG] [org.gradle.internal.remote.internal.inet.InetAddresses] Adding IP addresses for network interface Intel(R) Ethernet Connection (2) I219-V-WFP Native MAC Layer LightWeight Filter-0000
2022-05-15T09:54:48.507+0700 [DEBUG] [org.gradle.internal.remote.internal.inet.InetAddresses] Is this a loopback interface? false
2022-05-15T09:54:48.508+0700 [DEBUG] [org.gradle.internal.remote.internal.inet.InetAddresses] Adding IP addresses for network interface Intel(R) Ethernet Connection (2) I219-V-QoS Packet Scheduler-0000
2022-05-15T09:54:48.509+0700 [DEBUG] [org.gradle.internal.remote.internal.inet.InetAddresses] Is this a loopback interface? false
2022-05-15T09:54:48.509+0700 [DEBUG] [org.gradle.internal.remote.internal.inet.InetAddresses] Adding IP addresses for network interface Intel(R) Ethernet Connection (2) I219-V-WFP 802.3 MAC Layer LightWeight Filter-0000
2022-05-15T09:54:48.511+0700 [DEBUG] [org.gradle.internal.remote.internal.inet.InetAddresses] Is this a loopback interface? false
2022-05-15T09:54:48.511+0700 [DEBUG] [org.gradle.internal.remote.internal.inet.InetAddresses] Adding IP addresses for network interface WAN Miniport (IP)-WFP Native MAC Layer LightWeight Filter-0000
2022-05-15T09:54:48.513+0700 [DEBUG] [org.gradle.internal.remote.internal.inet.InetAddresses] Is this a loopback interface? false
2022-05-15T09:54:48.513+0700 [DEBUG] [org.gradle.internal.remote.internal.inet.InetAddresses] Adding IP addresses for network interface WAN Miniport (IP)-QoS Packet Scheduler-0000
2022-05-15T09:54:48.514+0700 [DEBUG] [org.gradle.internal.remote.internal.inet.InetAddresses] Is this a loopback interface? false
2022-05-15T09:54:48.514+0700 [DEBUG] [org.gradle.internal.remote.internal.inet.InetAddresses] Adding IP addresses for network interface WAN Miniport (IPv6)-WFP Native MAC Layer LightWeight Filter-0000
2022-05-15T09:54:48.516+0700 [DEBUG] [org.gradle.internal.remote.internal.inet.InetAddresses] Is this a loopback interface? false
2022-05-15T09:54:48.516+0700 [DEBUG] [org.gradle.internal.remote.internal.inet.InetAddresses] Adding IP addresses for network interface WAN Miniport (IPv6)-QoS Packet Scheduler-0000
2022-05-15T09:54:48.517+0700 [DEBUG] [org.gradle.internal.remote.internal.inet.InetAddresses] Is this a loopback interface? false
2022-05-15T09:54:48.517+0700 [DEBUG] [org.gradle.internal.remote.internal.inet.InetAddresses] Adding IP addresses for network interface WAN Miniport (Network Monitor)-WFP Native MAC Layer LightWeight Filter-0000
2022-05-15T09:54:48.519+0700 [DEBUG] [org.gradle.internal.remote.internal.inet.InetAddresses] Is this a loopback interface? false
2022-05-15T09:54:48.520+0700 [DEBUG] [org.gradle.internal.remote.internal.inet.InetAddresses] Adding IP addresses for network interface WAN Miniport (Network Monitor)-QoS Packet Scheduler-0000
2022-05-15T09:54:48.521+0700 [DEBUG] [org.gradle.internal.remote.internal.inet.InetAddresses] Is this a loopback interface? false
2022-05-15T09:54:48.527+0700 [DEBUG] [org.gradle.internal.remote.internal.inet.TcpIncomingConnector] Listening on [439e33e1-77b0-43d6-9a0a-5eb4a975e9fa port:54383, addresses:[localhost/127.0.0.1]].
2022-05-15T09:54:48.537+0700 [DEBUG] [org.gradle.launcher.daemon.server.Daemon] Daemon starting at: Sun May 15 09:54:48 ICT 2022, with address: [439e33e1-77b0-43d6-9a0a-5eb4a975e9fa port:54383, addresses:[localhost/127.0.0.1]]
2022-05-15T09:54:48.537+0700 [INFO] [org.gradle.launcher.daemon.server.DaemonRegistryUpdater] Advertising the daemon address to the clients: [439e33e1-77b0-43d6-9a0a-5eb4a975e9fa port:54383, addresses:[localhost/127.0.0.1]]
2022-05-15T09:54:48.537+0700 [DEBUG] [org.gradle.launcher.daemon.server.DaemonRegistryUpdater] Advertised daemon context: DefaultDaemonContext[uid=7c27196d-193a-4d54-88ae-234ab7ff120f,javaHome=C:\Program Files\Java\jdk-17.0.2,daemonRegistryDir=D:\PROJECT-Android\PROJECT-SUDOKU\SUDOKU\gradle\wrapper\daemon,pid=33048,idleTimeout=10800000,priority=NORMAL,daemonOpts=--add-opens,java.base/java.util=ALL-UNNAMED,--add-opens,java.base/java.lang=ALL-UNNAMED,--add-opens,java.base/java.lang.invoke=ALL-UNNAMED,--add-opens,java.base/java.util=ALL-UNNAMED,--add-opens,java.prefs/java.util.prefs=ALL-UNNAMED,--add-opens,java.prefs/java.util.prefs=ALL-UNNAMED,--add-opens,java.base/java.nio.charset=ALL-UNNAMED,--add-opens,java.base/java.net=ALL-UNNAMED,--add-opens,java.base/java.util.concurrent.atomic=ALL-UNNAMED,-Xmx2048m,-Dfile.encoding=UTF-8,-Duser.country=US,-Duser.language=en,-Duser.variant]
2022-05-15T09:54:48.538+0700 [DEBUG] [org.gradle.launcher.daemon.registry.PersistentDaemonRegistry] Storing daemon address: [439e33e1-77b0-43d6-9a0a-5eb4a975e9fa port:54383, addresses:[localhost/127.0.0.1]], context: DefaultDaemonContext[uid=7c27196d-193a-4d54-88ae-234ab7ff120f,javaHome=C:\Program Files\Java\jdk-17.0.2,daemonRegistryDir=D:\PROJECT-Android\PROJECT-SUDOKU\SUDOKU\gradle\wrapper\daemon,pid=33048,idleTimeout=10800000,priority=NORMAL,daemonOpts=--add-opens,java.base/java.util=ALL-UNNAMED,--add-opens,java.base/java.lang=ALL-UNNAMED,--add-opens,java.base/java.lang.invoke=ALL-UNNAMED,--add-opens,java.base/java.util=ALL-UNNAMED,--add-opens,java.prefs/java.util.prefs=ALL-UNNAMED,--add-opens,java.prefs/java.util.prefs=ALL-UNNAMED,--add-opens,java.base/java.nio.charset=ALL-UNNAMED,--add-opens,java.base/java.net=ALL-UNNAMED,--add-opens,java.base/java.util.concurrent.atomic=ALL-UNNAMED,-Xmx2048m,-Dfile.encoding=UTF-8,-Duser.country=US,-Duser.language=en,-Duser.variant]
2022-05-15T09:54:48.553+0700 [DEBUG] [org.gradle.cache.internal.DefaultFileLockManager] Waiting to acquire exclusive lock on daemon addresses registry.
2022-05-15T09:54:48.557+0700 [DEBUG] [org.gradle.cache.internal.DefaultFileLockManager] Lock acquired on daemon addresses registry.
2022-05-15T09:54:48.562+0700 [DEBUG] [org.gradle.cache.internal.DefaultFileLockManager] Releasing lock on daemon addresses registry.
2022-05-15T09:54:48.563+0700 [LIFECYCLE] [org.gradle.launcher.daemon.server.Daemon] Daemon server started.
2022-05-15T09:54:48.564+0700 [DEBUG] [org.gradle.launcher.daemon.bootstrap.DaemonStartupCommunication] Completed writing the daemon greeting. Closing streams...
2022-05-15T09:54:48.570+0700 [DEBUG] [org.gradle.launcher.daemon.server.Daemon] stopOnExpiration() called on daemon
2022-05-15T09:54:48.571+0700 [DEBUG] [org.gradle.launcher.daemon.server.Daemon] awaitExpiration() called on daemon
2022-05-15T09:54:48.572+0700 [DEBUG] [org.gradle.launcher.daemon.server.DaemonStateCoordinator] daemon is running. Sleeping until state changes.
2022-05-15T09:54:48.578+0700 [DEBUG] [org.gradle.internal.remote.internal.inet.TcpIncomingConnector] Accepted connection from /127.0.0.1:54384 to /127.0.0.1:54383.
2022-05-15T09:54:48.679+0700 [DEBUG] [org.gradle.launcher.daemon.server.SynchronizedDispatchConnection] thread 21: received class org.gradle.launcher.daemon.protocol.Build
2022-05-15T09:54:48.680+0700 [DEBUG] [org.gradle.launcher.daemon.server.DefaultDaemonConnection] thread 21: Received non-IO message from client: Build{id=5142e930-efec-4b7d-a987-2e548f90512c, currentDir=D:\PROJECT-Android\PROJECT-SUDOKU\SUDOKU}
2022-05-15T09:54:48.680+0700 [INFO] [org.gradle.launcher.daemon.server.DefaultIncomingConnectionHandler] Received command: Build{id=5142e930-efec-4b7d-a987-2e548f90512c, currentDir=D:\PROJECT-Android\PROJECT-SUDOKU\SUDOKU}.
2022-05-15T09:54:48.680+0700 [DEBUG] [org.gradle.launcher.daemon.server.DefaultIncomingConnectionHandler] Starting executing command: Build{id=5142e930-efec-4b7d-a987-2e548f90512c, currentDir=D:\PROJECT-Android\PROJECT-SUDOKU\SUDOKU} with connection: socket connection from /127.0.0.1:54383 to /127.0.0.1:54384.
2022-05-15T09:54:48.682+0700 [DEBUG] [org.gradle.launcher.daemon.server.DaemonStateCoordinator] Command execution: started DaemonCommandExecution[command = Build{id=5142e930-efec-4b7d-a987-2e548f90512c, currentDir=D:\PROJECT-Android\PROJECT-SUDOKU\SUDOKU}, connection = DefaultDaemonConnection: socket connection from /127.0.0.1:54383 to /127.0.0.1:54384] after 0.0 minutes of idle
2022-05-15T09:54:48.682+0700 [INFO] [org.gradle.launcher.daemon.server.DaemonRegistryUpdater] Marking the daemon as busy, address: [439e33e1-77b0-43d6-9a0a-5eb4a975e9fa port:54383, addresses:[localhost/127.0.0.1]]
2022-05-15T09:54:48.683+0700 [DEBUG] [org.gradle.launcher.daemon.registry.PersistentDaemonRegistry] Marking busy by address: [439e33e1-77b0-43d6-9a0a-5eb4a975e9fa port:54383, addresses:[localhost/127.0.0.1]]
2022-05-15T09:54:48.686+0700 [DEBUG] [org.gradle.cache.internal.DefaultFileLockManager] Waiting to acquire exclusive lock on daemon addresses registry.
2022-05-15T09:54:48.687+0700 [DEBUG] [org.gradle.cache.internal.DefaultFileLockManager] Lock acquired on daemon addresses registry.
2022-05-15T09:54:48.688+0700 [DEBUG] [org.gradle.cache.internal.DefaultFileLockManager] Releasing lock on daemon addresses registry.
2022-05-15T09:54:48.689+0700 [DEBUG] [org.gradle.launcher.daemon.server.DaemonStateCoordinator] resetting idle timer
2022-05-15T09:54:48.689+0700 [DEBUG] [org.gradle.launcher.daemon.server.DaemonStateCoordinator] daemon is running. Sleeping until state changes.
2022-05-15T09:54:48.691+0700 [INFO] [org.gradle.launcher.daemon.server.exec.StartBuildOrRespondWithBusy] Daemon is about to start building Build{id=5142e930-efec-4b7d-a987-2e548f90512c, currentDir=D:\PROJECT-Android\PROJECT-SUDOKU\SUDOKU}. Dispatching build started information...
2022-05-15T09:54:48.691+0700 [DEBUG] [org.gradle.launcher.daemon.server.SynchronizedDispatchConnection] thread 23: dispatching org.gradle.launcher.daemon.protocol.BuildStarted@19c58882
2022-05-15T09:54:48.693+0700 [DEBUG] [org.gradle.launcher.daemon.server.exec.EstablishBuildEnvironment] Configuring env variables: [USERDOMAIN_ROAMINGPROFILE, LOCALAPPDATA, PROCESSOR_LEVEL, USERDOMAIN, LOGONSERVER, FPS_BROWSER_APP_PROFILE_STRING, SESSIONNAME, ALLUSERSPROFILE, PROCESSOR_ARCHITECTURE, PSModulePath, SystemDrive, OneDrive, APPDATA, USERNAME, ProgramFiles(x86), VBOX_MSI_INSTALL_PATH, CommonProgramFiles, Path, FPS_BROWSER_USER_PROFILE_STRING, PATHEXT, DriverData, OS, COMPUTERNAME, PROCESSOR_REVISION, CommonProgramW6432, ComSpec, ProgramData, ProgramW6432, TEMP, HOMEPATH, SystemRoot, PROCESSOR_IDENTIFIER, HOMEDRIVE, USERPROFILE, TMP, CommonProgramFiles(x86), ProgramFiles, PUBLIC, windir, NUMBER_OF_PROCESSORS, =::, IDEA_INITIAL_DIRECTORY]
2022-05-15T09:54:48.697+0700 [DEBUG] [org.gradle.launcher.daemon.server.SynchronizedDispatchConnection] thread 21: received class org.gradle.launcher.daemon.protocol.CloseInput
2022-05-15T09:54:48.697+0700 [DEBUG] [org.gradle.launcher.daemon.server.DefaultDaemonConnection] thread 21: Received IO message from client: org.gradle.launcher.daemon.protocol.CloseInput@44278397
2022-05-15T09:54:48.700+0700 [DEBUG] [org.gradle.launcher.daemon.server.exec.LogToClient] About to start relaying all logs to the client via the connection.
2022-05-15T09:54:48.700+0700 [INFO] [org.gradle.launcher.daemon.server.exec.LogToClient] The client will now receive all logging from the daemon (pid: 33048). The daemon log file: D:\PROJECT-Android\PROJECT-SUDOKU\SUDOKU\gradle\wrapper\daemon\7.2\daemon-33048.out.log
2022-05-15T09:54:48.703+0700 [INFO] [org.gradle.launcher.daemon.server.exec.LogAndCheckHealth] Starting build in new daemon [memory: 2 GiB]
2022-05-15T09:54:48.704+0700 [INFO] [org.gradle.launcher.daemon.server.exec.ForwardClientInput] Closing daemon's stdin at end of input.
2022-05-15T09:54:48.704+0700 [INFO] [org.gradle.launcher.daemon.server.exec.ForwardClientInput] The daemon will no longer process any standard input.
2022-05-15T09:54:48.708+0700 [DEBUG] [org.gradle.launcher.daemon.server.exec.ExecuteBuild] The daemon has started executing the build.
2022-05-15T09:54:48.708+0700 [DEBUG] [org.gradle.launcher.daemon.server.exec.ExecuteBuild] Executing build with daemon context: DefaultDaemonContext[uid=7c27196d-193a-4d54-88ae-234ab7ff120f,javaHome=C:\Program Files\Java\jdk-17.0.2,daemonRegistryDir=D:\PROJECT-Android\PROJECT-SUDOKU\SUDOKU\gradle\wrapper\daemon,pid=33048,idleTimeout=10800000,priority=NORMAL,daemonOpts=--add-opens,java.base/java.util=ALL-UNNAMED,--add-opens,java.base/java.lang=ALL-UNNAMED,--add-opens,java.base/java.lang.invoke=ALL-UNNAMED,--add-opens,java.base/java.util=ALL-UNNAMED,--add-opens,java.prefs/java.util.prefs=ALL-UNNAMED,--add-opens,java.prefs/java.util.prefs=ALL-UNNAMED,--add-opens,java.base/java.nio.charset=ALL-UNNAMED,--add-opens,java.base/java.net=ALL-UNNAMED,--add-opens,java.base/java.util.concurrent.atomic=ALL-UNNAMED,-Xmx2048m,-Dfile.encoding=UTF-8,-Duser.country=US,-Duser.language=en,-Duser.variant]

Deprecated Gradle features were used in this build, making it incompatible with Gradle 8.0.

You can use '--warning-mode all' to show the individual deprecation warnings and determine if they come from your own scripts or plugins.

See https://docs.gradle.org/7.2/userguide/command_line_interface.html#sec:command_line_warnings

BUILD SUCCESSFUL in 58s
2022-05-15T09:55:26.610+0700 [DEBUG] [org.gradle.launcher.daemon.server.exec.ExecuteBuild] The daemon has finished executing the build.
2022-05-15T09:55:26.612+0700 [DEBUG] [org.gradle.launcher.daemon.server.DaemonStateCoordinator] daemon is running. Sleeping until state changes.
2022-05-15T09:55:26.613+0700 [DEBUG] [org.gradle.launcher.daemon.server.DaemonStateCoordinator] Command execution: finished waiting for DaemonCommandExecution[command = Build{id=5142e930-efec-4b7d-a987-2e548f90512c, currentDir=D:\PROJECT-Android\PROJECT-SUDOKU\SUDOKU}, connection = DefaultDaemonConnection: socket connection from /127.0.0.1:54383 to /127.0.0.1:54384]. Result org.gradle.launcher.daemon.server.DaemonStateCoordinator@65fb4d63 with state Busy
2022-05-15T09:55:26.613+0700 [DEBUG] [org.gradle.launcher.daemon.server.DaemonStateCoordinator] Command execution: completed DaemonCommandExecution[command = Build{id=5142e930-efec-4b7d-a987-2e548f90512c, currentDir=D:\PROJECT-Android\PROJECT-SUDOKU\SUDOKU}, connection = DefaultDaemonConnection: socket connection from /127.0.0.1:54383 to /127.0.0.1:54384]
2022-05-15T09:55:26.613+0700 [DEBUG] [org.gradle.launcher.daemon.server.DaemonStateCoordinator] resetting idle timer
2022-05-15T09:55:26.613+0700 [INFO] [org.gradle.launcher.daemon.server.DaemonRegistryUpdater] Marking the daemon as idle, address: [439e33e1-77b0-43d6-9a0a-5eb4a975e9fa port:54383, addresses:[localhost/127.0.0.1]]
2022-05-15T09:55:26.615+0700 [DEBUG] [org.gradle.launcher.daemon.registry.PersistentDaemonRegistry] Marking busy by address: [439e33e1-77b0-43d6-9a0a-5eb4a975e9fa port:54383, addresses:[localhost/127.0.0.1]]
2022-05-15T09:55:26.616+0700 [DEBUG] [org.gradle.cache.internal.DefaultFileLockManager] Waiting to acquire exclusive lock on daemon addresses registry.
2022-05-15T09:55:26.617+0700 [DEBUG] [org.gradle.cache.internal.DefaultFileLockManager] Lock acquired on daemon addresses registry.
2022-05-15T09:55:26.618+0700 [DEBUG] [org.gradle.cache.internal.DefaultFileLockManager] Releasing lock on daemon addresses registry.
2022-05-15T09:55:26.619+0700 [DEBUG] [org.gradle.launcher.daemon.server.DaemonStateCoordinator] daemon is running. Sleeping until state changes.
2022-05-15T09:55:26.619+0700 [DEBUG] [org.gradle.launcher.daemon.server.exec.ReturnResult] Daemon is dispatching the build result: Success[value=org.gradle.launcher.exec.BuildActionResult@384361c6]
2022-05-15T09:55:26.619+0700 [DEBUG] [org.gradle.launcher.daemon.server.SynchronizedDispatchConnection] thread 20: dispatching Success[value=org.gradle.launcher.exec.BuildActionResult@384361c6]
2022-05-15T09:55:26.619+0700 [DEBUG] [org.gradle.launcher.daemon.server.DefaultIncomingConnectionHandler] Finishing executing command: Build{id=5142e930-efec-4b7d-a987-2e548f90512c, currentDir=D:\PROJECT-Android\PROJECT-SUDOKU\SUDOKU}
2022-05-15T09:55:26.852+0700 [DEBUG] [org.gradle.launcher.daemon.server.SynchronizedDispatchConnection] thread 21: received class org.gradle.launcher.daemon.protocol.Finished
2022-05-15T09:55:26.852+0700 [DEBUG] [org.gradle.launcher.daemon.server.DefaultDaemonConnection] thread 21: Received non-IO message from client: org.gradle.launcher.daemon.protocol.Finished@1373c295
2022-05-15T09:55:26.852+0700 [DEBUG] [org.gradle.launcher.daemon.server.DefaultIncomingConnectionHandler] Received finished message: org.gradle.launcher.daemon.protocol.Finished@1373c295
2022-05-15T09:55:26.853+0700 [DEBUG] [org.gradle.launcher.daemon.server.SynchronizedDispatchConnection] thread 20: stopping connection
2022-05-15T09:55:26.854+0700 [DEBUG] [org.gradle.internal.remote.internal.inet.SocketConnection] Discarding EOFException: java.io.EOFException
2022-05-15T09:55:26.854+0700 [DEBUG] [org.gradle.launcher.daemon.server.SynchronizedDispatchConnection] thread 21: received null
2022-05-15T09:55:26.854+0700 [DEBUG] [org.gradle.launcher.daemon.server.DefaultDaemonConnection] thread 21: Received end-of-input from client.
2022-05-15T09:55:26.854+0700 [DEBUG] [org.gradle.launcher.daemon.server.SynchronizedDispatchConnection] thread 20: stopping connection
2022-05-15T09:55:28.580+0700 [DEBUG] [org.gradle.cache.internal.DefaultFileLockManager] Waiting to acquire shared lock on daemon addresses registry.
2022-05-15T09:55:28.580+0700 [DEBUG] [org.gradle.cache.internal.DefaultFileLockManager] Lock acquired on daemon addresses registry.
2022-05-15T09:55:28.581+0700 [DEBUG] [org.gradle.cache.internal.DefaultFileLockManager] Releasing lock on daemon addresses registry.
2022-05-15T09:55:28.584+0700 [DEBUG] [org.gradle.cache.internal.DefaultFileLockManager] Waiting to acquire shared lock on daemon addresses registry.
2022-05-15T09:55:28.585+0700 [DEBUG] [org.gradle.cache.internal.DefaultFileLockManager] Lock acquired on daemon addresses registry.
2022-05-15T09:55:28.586+0700 [DEBUG] [org.gradle.cache.internal.DefaultFileLockManager] Releasing lock on daemon addresses registry.
2022-05-15T09:55:38.579+0700 [DEBUG] [org.gradle.cache.internal.DefaultFileLockManager] Waiting to acquire shared lock on daemon addresses registry.
2022-05-15T09:55:38.579+0700 [DEBUG] [org.gradle.cache.internal.DefaultFileLockManager] Lock acquired on daemon addresses registry.
2022-05-15T09:55:38.580+0700 [DEBUG] [org.gradle.cache.internal.DefaultFileLockManager] Releasing lock on daemon addresses registry.
2022-05-15T09:55:38.581+0700 [DEBUG] [org.gradle.cache.internal.DefaultFileLockManager] Waiting to acquire shared lock on daemon addresses registry.
2022-05-15T09:55:38.581+0700 [DEBUG] [org.gradle.cache.internal.DefaultFileLockManager] Lock acquired on daemon addresses registry.
2022-05-15T09:55:38.582+0700 [DEBUG] [org.gradle.cache.internal.DefaultFileLockManager] Releasing lock on daemon addresses registry.
2022-05-15T09:55:38.583+0700 [DEBUG] [org.gradle.cache.internal.DefaultFileLockManager] Waiting to acquire shared lock on daemon addresses registry.
2022-05-15T09:55:38.583+0700 [DEBUG] [org.gradle.cache.internal.DefaultFileLockManager] Lock acquired on daemon addresses registry.
2022-05-15T09:55:38.584+0700 [DEBUG] [org.gradle.cache.internal.DefaultFileLockManager] Releasing lock on daemon addresses registry.
2022-05-15T09:55:48.585+0700 [DEBUG] [org.gradle.cache.internal.DefaultFileLockManager] Waiting to acquire shared lock on daemon addresses registry.
2022-05-15T09:55:48.585+0700 [DEBUG] [org.gradle.cache.internal.DefaultFileLockManager] Lock acquired on daemon addresses registry.
2022-05-15T09:55:48.587+0700 [DEBUG] [org.gradle.cache.internal.DefaultFileLockManager] Releasing lock on daemon addresses registry.
2022-05-15T09:55:48.591+0700 [DEBUG] [org.gradle.cache.internal.DefaultFileLockManager] Waiting to acquire shared lock on daemon addresses registry.
2022-05-15T09:55:48.591+0700 [DEBUG] [org.gradle.cache.internal.DefaultFileLockManager] Lock acquired on daemon addresses registry.
2022-05-15T09:55:48.593+0700 [DEBUG] [org.gradle.cache.internal.DefaultFileLockManager] Releasing lock on daemon addresses registry.
2022-05-15T09:55:48.596+0700 [DEBUG] [org.gradle.cache.internal.DefaultFileLockManager] Waiting to acquire shared lock on daemon addresses registry.
2022-05-15T09:55:48.596+0700 [DEBUG] [org.gradle.cache.internal.DefaultFileLockManager] Lock acquired on daemon addresses registry.
2022-05-15T09:55:48.598+0700 [DEBUG] [org.gradle.cache.internal.DefaultFileLockManager] Releasing lock on daemon addresses registry.
2022-05-15T09:55:58.581+0700 [DEBUG] [org.gradle.cache.internal.DefaultFileLockManager] Waiting to acquire shared lock on daemon addresses registry.
2022-05-15T09:55:58.581+0700 [DEBUG] [org.gradle.cache.internal.DefaultFileLockManager] Lock acquired on daemon addresses registry.
2022-05-15T09:55:58.584+0700 [DEBUG] [org.gradle.cache.internal.DefaultFileLockManager] Releasing lock on daemon addresses registry.
2022-05-15T09:55:58.587+0700 [DEBUG] [org.gradle.cache.internal.DefaultFileLockManager] Waiting to acquire shared lock on daemon addresses registry.
2022-05-15T09:55:58.587+0700 [DEBUG] [org.gradle.cache.internal.DefaultFileLockManager] Lock acquired on daemon addresses registry.
2022-05-15T09:55:58.589+0700 [DEBUG] [org.gradle.cache.internal.DefaultFileLockManager] Releasing lock on daemon addresses registry.
2022-05-15T09:55:58.592+0700 [DEBUG] [org.gradle.cache.internal.DefaultFileLockManager] Waiting to acquire shared lock on daemon addresses registry.
2022-05-15T09:55:58.593+0700 [DEBUG] [org.gradle.cache.internal.DefaultFileLockManager] Lock acquired on daemon addresses registry.
2022-05-15T09:55:58.595+0700 [DEBUG] [org.gradle.cache.internal.DefaultFileLockManager] Releasing lock on daemon addresses registry.
2022-05-15T09:56:04.889+0700 [DEBUG] [org.gradle.internal.remote.internal.inet.TcpIncomingConnector] Accepted connection from /127.0.0.1:54397 to /127.0.0.1:54383.
2022-05-15T09:56:04.904+0700 [DEBUG] [org.gradle.launcher.daemon.server.SynchronizedDispatchConnection] thread 90: received class org.gradle.launcher.daemon.protocol.StopWhenIdle
2022-05-15T09:56:04.907+0700 [DEBUG] [org.gradle.launcher.daemon.server.DefaultDaemonConnection] thread 90: Received non-IO message from client: StopWhenIdle[id=ed95cf9c-29ed-4e2d-856b-668df44100e3]
2022-05-15T09:56:04.914+0700 [INFO] [org.gradle.launcher.daemon.server.DefaultIncomingConnectionHandler] Received command: StopWhenIdle[id=ed95cf9c-29ed-4e2d-856b-668df44100e3].
2022-05-15T09:56:04.914+0700 [DEBUG] [org.gradle.launcher.daemon.server.DefaultIncomingConnectionHandler] Starting executing command: StopWhenIdle[id=ed95cf9c-29ed-4e2d-856b-668df44100e3] with connection: socket connection from /127.0.0.1:54383 to /127.0.0.1:54397.
2022-05-15T09:56:04.914+0700 [DEBUG] [org.gradle.launcher.daemon.server.DaemonRegistryUpdater] Storing daemon stop event: stop command received
2022-05-15T09:56:04.916+0700 [DEBUG] [org.gradle.launcher.daemon.registry.PersistentDaemonRegistry] Storing daemon stop event with timestamp 1652583364915
2022-05-15T09:56:04.917+0700 [DEBUG] [org.gradle.cache.internal.DefaultFileLockManager] Waiting to acquire exclusive lock on daemon addresses registry.
2022-05-15T09:56:04.972+0700 [DEBUG] [org.gradle.cache.internal.DefaultFileLockManager] Lock acquired on daemon addresses registry.
2022-05-15T09:56:04.978+0700 [DEBUG] [org.gradle.cache.internal.DefaultFileLockManager] Releasing lock on daemon addresses registry.
2022-05-15T09:56:04.991+0700 [LIFECYCLE] [org.gradle.launcher.daemon.server.DaemonStateCoordinator] Daemon will be stopped at the end of the build stop command received
2022-05-15T09:56:04.992+0700 [DEBUG] [org.gradle.launcher.daemon.server.DaemonStateCoordinator] Marking daemon stopped due to stop command received. The daemon is running a build: false
2022-05-15T09:56:04.992+0700 [DEBUG] [org.gradle.launcher.daemon.server.DaemonStateCoordinator] daemon has stopped.
2022-05-15T09:56:04.992+0700 [DEBUG] [org.gradle.launcher.daemon.server.Daemon] stop() called on daemon
2022-05-15T09:56:04.992+0700 [INFO] [org.gradle.launcher.daemon.server.Daemon] Stop requested. Daemon is removing its presence from the registry...
2022-05-15T09:56:04.993+0700 [DEBUG] [org.gradle.launcher.daemon.server.DaemonRegistryUpdater] Removing our presence to clients, eg. removing this address from the registry: [439e33e1-77b0-43d6-9a0a-5eb4a975e9fa port:54383, addresses:[localhost/127.0.0.1]]
2022-05-15T09:56:04.993+0700 [DEBUG] [org.gradle.launcher.daemon.registry.PersistentDaemonRegistry] Removing daemon address: [439e33e1-77b0-43d6-9a0a-5eb4a975e9fa port:54383, addresses:[localhost/127.0.0.1]]
2022-05-15T09:56:05.000+0700 [DEBUG] [org.gradle.cache.internal.DefaultFileLockManager] Waiting to acquire exclusive lock on daemon addresses registry.
2022-05-15T09:56:05.000+0700 [DEBUG] [org.gradle.launcher.daemon.server.SynchronizedDispatchConnection] thread 20: dispatching Success[value=null]
2022-05-15T09:56:05.002+0700 [DEBUG] [org.gradle.launcher.daemon.server.SynchronizedDispatchConnection] thread 90: received class org.gradle.launcher.daemon.protocol.Finished
2022-05-15T09:56:05.002+0700 [DEBUG] [org.gradle.launcher.daemon.server.DefaultDaemonConnection] thread 90: Received non-IO message from client: org.gradle.launcher.daemon.protocol.Finished@68e6cb47
2022-05-15T09:56:05.002+0700 [DEBUG] [org.gradle.internal.remote.internal.inet.SocketConnection] Discarding EOFException: java.io.EOFException
2022-05-15T09:56:05.002+0700 [DEBUG] [org.gradle.launcher.daemon.server.SynchronizedDispatchConnection] thread 90: received null
2022-05-15T09:56:05.002+0700 [DEBUG] [org.gradle.launcher.daemon.server.DefaultDaemonConnection] thread 90: Received end-of-input from client.
2022-05-15T09:56:05.003+0700 [DEBUG] [org.gradle.launcher.daemon.server.DefaultIncomingConnectionHandler] Finishing executing command: StopWhenIdle[id=ed95cf9c-29ed-4e2d-856b-668df44100e3]
2022-05-15T09:56:05.003+0700 [DEBUG] [org.gradle.launcher.daemon.server.DefaultIncomingConnectionHandler] Received finished message: null
2022-05-15T09:56:05.003+0700 [DEBUG] [org.gradle.launcher.daemon.server.SynchronizedDispatchConnection] thread 20: stopping connection
2022-05-15T09:56:05.003+0700 [DEBUG] [org.gradle.launcher.daemon.server.SynchronizedDispatchConnection] thread 20: stopping connection
2022-05-15T09:56:05.006+0700 [DEBUG] [org.gradle.cache.internal.DefaultFileLockManager] Lock acquired on daemon addresses registry.
2022-05-15T09:56:05.016+0700 [DEBUG] [org.gradle.cache.internal.DefaultFileLockManager] Releasing lock on daemon addresses registry.
2022-05-15T09:56:05.020+0700 [DEBUG] [org.gradle.launcher.daemon.server.DaemonRegistryUpdater] Address removed from registry.
2022-05-15T09:56:05.021+0700 [DEBUG] [org.gradle.cache.internal.LockOnDemandCrossProcessCacheAccess] Releasing file lock for jars (D:\PROJECT-Android\PROJECT-SUDOKU\SUDOKU\gradle\wrapper\caches\jars-9)
2022-05-15T09:56:05.022+0700 [DEBUG] [org.gradle.cache.internal.DefaultFileLockManager] Releasing lock on jars (D:\PROJECT-Android\PROJECT-SUDOKU\SUDOKU\gradle\wrapper\caches\jars-9).
2022-05-15T09:56:05.029+0700 [DEBUG] [org.gradle.cache.internal.DefaultPersistentDirectoryStore] jars (D:\PROJECT-Android\PROJECT-SUDOKU\SUDOKU\gradle\wrapper\caches\jars-9) has last been fully cleaned up 129 hours ago
2022-05-15T09:56:05.034+0700 [INFO] [org.gradle.cache.internal.AbstractCacheCleanup] jars (D:\PROJECT-Android\PROJECT-SUDOKU\SUDOKU\gradle\wrapper\caches\jars-9) cleanup deleted 0 files/directories.
2022-05-15T09:56:05.035+0700 [INFO] [org.gradle.cache.internal.LeastRecentlyUsedCacheCleanup] jars (D:\PROJECT-Android\PROJECT-SUDOKU\SUDOKU\gradle\wrapper\caches\jars-9) removing files not accessed on or after Sun May 08 09:54:49 ICT 2022.
2022-05-15T09:56:05.039+0700 [INFO] [org.gradle.cache.internal.AbstractCacheCleanup] jars (D:\PROJECT-Android\PROJECT-SUDOKU\SUDOKU\gradle\wrapper\caches\jars-9) cleanup deleted 0 files/directories.
2022-05-15T09:56:05.040+0700 [INFO] [org.gradle.cache.internal.DefaultPersistentDirectoryStore] jars (D:\PROJECT-Android\PROJECT-SUDOKU\SUDOKU\gradle\wrapper\caches\jars-9) cleaned up in 0.009 secs.
2022-05-15T09:56:05.083+0700 [DEBUG] [org.gradle.cache.internal.LockOnDemandCrossProcessCacheAccess] Releasing file lock for file content cache (D:\PROJECT-Android\PROJECT-SUDOKU\SUDOKU\gradle\wrapper\caches\7.2\fileContent)
2022-05-15T09:56:05.083+0700 [DEBUG] [org.gradle.cache.internal.DefaultFileLockManager] Releasing lock on file content cache (D:\PROJECT-Android\PROJECT-SUDOKU\SUDOKU\gradle\wrapper\caches\7.2\fileContent).
2022-05-15T09:56:05.144+0700 [DEBUG] [org.gradle.cache.internal.LockOnDemandCrossProcessCacheAccess] Releasing file lock for Artifact transforms cache (D:\PROJECT-Android\PROJECT-SUDOKU\SUDOKU\gradle\wrapper\caches\transforms-3)
2022-05-15T09:56:05.145+0700 [DEBUG] [org.gradle.cache.internal.DefaultFileLockManager] Releasing lock on Artifact transforms cache (D:\PROJECT-Android\PROJECT-SUDOKU\SUDOKU\gradle\wrapper\caches\transforms-3).
2022-05-15T09:56:05.148+0700 [DEBUG] [org.gradle.internal.watch.registry.impl.DefaultFileWatcherRegistry] Finished listening to file system change events
2022-05-15T09:56:05.148+0700 [DEBUG] [org.gradle.cache.internal.DefaultPersistentDirectoryStore] Artifact transforms cache (D:\PROJECT-Android\PROJECT-SUDOKU\SUDOKU\gradle\wrapper\caches\transforms-3) has last been fully cleaned up 129 hours ago
2022-05-15T09:56:05.148+0700 [INFO] [org.gradle.cache.internal.LeastRecentlyUsedCacheCleanup] Artifact transforms cache (D:\PROJECT-Android\PROJECT-SUDOKU\SUDOKU\gradle\wrapper\caches\transforms-3) removing files not accessed on or after Sun May 08 09:54:52 ICT 2022.
2022-05-15T09:56:05.208+0700 [INFO] [org.gradle.cache.internal.AbstractCacheCleanup] Artifact transforms cache (D:\PROJECT-Android\PROJECT-SUDOKU\SUDOKU\gradle\wrapper\caches\transforms-3) cleanup deleted 0 files/directories.
2022-05-15T09:56:05.209+0700 [INFO] [org.gradle.cache.internal.DefaultPersistentDirectoryStore] Artifact transforms cache (D:\PROJECT-Android\PROJECT-SUDOKU\SUDOKU\gradle\wrapper\caches\transforms-3) cleaned up in 0.06 secs.
2022-05-15T09:56:05.209+0700 [DEBUG] [org.gradle.cache.internal.LockOnDemandCrossProcessCacheAccess] Releasing file lock for artifact cache (D:\PROJECT-Android\PROJECT-SUDOKU\SUDOKU\gradle\wrapper\caches\modules-2)
2022-05-15T09:56:05.209+0700 [DEBUG] [org.gradle.cache.internal.btree.BTreePersistentIndexedCache] Closing cache module-metadata.bin (D:\PROJECT-Android\PROJECT-SUDOKU\SUDOKU\gradle\wrapper\caches\modules-2\metadata-2.97\module-metadata.bin)
2022-05-15T09:56:05.209+0700 [DEBUG] [org.gradle.cache.internal.btree.BTreePersistentIndexedCache] Closing cache module-artifact.bin (D:\PROJECT-Android\PROJECT-SUDOKU\SUDOKU\gradle\wrapper\caches\modules-2\metadata-2.97\module-artifact.bin)
2022-05-15T09:56:05.210+0700 [DEBUG] [org.gradle.cache.internal.btree.BTreePersistentIndexedCache] Closing cache module-artifacts.bin (D:\PROJECT-Android\PROJECT-SUDOKU\SUDOKU\gradle\wrapper\caches\modules-2\metadata-2.97\module-artifacts.bin)
2022-05-15T09:56:05.210+0700 [DEBUG] [org.gradle.cache.internal.DefaultFileLockManager] Releasing lock on artifact cache (D:\PROJECT-Android\PROJECT-SUDOKU\SUDOKU\gradle\wrapper\caches\modules-2).
2022-05-15T09:56:05.210+0700 [DEBUG] [org.gradle.cache.internal.DefaultPersistentDirectoryStore] artifact cache (D:\PROJECT-Android\PROJECT-SUDOKU\SUDOKU\gradle\wrapper\caches\modules-2) has last been fully cleaned up 129 hours ago
2022-05-15T09:56:05.211+0700 [INFO] [org.gradle.cache.internal.AbstractCacheCleanup] artifact cache (D:\PROJECT-Android\PROJECT-SUDOKU\SUDOKU\gradle\wrapper\caches\modules-2) cleanup deleted 0 files/directories.
2022-05-15T09:56:05.212+0700 [INFO] [org.gradle.cache.internal.AbstractCacheCleanup] artifact cache (D:\PROJECT-Android\PROJECT-SUDOKU\SUDOKU\gradle\wrapper\caches\modules-2) [subdir: D:\PROJECT-Android\PROJECT-SUDOKU\SUDOKU\gradle\wrapper\caches\modules-2\resources-2.1] cleanup deleted 0 files/directories.
2022-05-15T09:56:05.212+0700 [INFO] [org.gradle.cache.internal.LeastRecentlyUsedCacheCleanup] artifact cache (D:\PROJECT-Android\PROJECT-SUDOKU\SUDOKU\gradle\wrapper\caches\modules-2) [subdir: D:\PROJECT-Android\PROJECT-SUDOKU\SUDOKU\gradle\wrapper\caches\modules-2\resources-2.1] removing files not accessed on or after Fri Apr 15 09:55:09 ICT 2022.
2022-05-15T09:56:05.213+0700 [INFO] [org.gradle.cache.internal.AbstractCacheCleanup] artifact cache (D:\PROJECT-Android\PROJECT-SUDOKU\SUDOKU\gradle\wrapper\caches\modules-2) [subdir: D:\PROJECT-Android\PROJECT-SUDOKU\SUDOKU\gradle\wrapper\caches\modules-2\resources-2.1] cleanup deleted 0 files/directories.
2022-05-15T09:56:05.219+0700 [INFO] [org.gradle.cache.internal.AbstractCacheCleanup] artifact cache (D:\PROJECT-Android\PROJECT-SUDOKU\SUDOKU\gradle\wrapper\caches\modules-2) [subdir: D:\PROJECT-Android\PROJECT-SUDOKU\SUDOKU\gradle\wrapper\caches\modules-2\files-2.1] cleanup deleted 0 files/directories.
2022-05-15T09:56:05.220+0700 [INFO] [org.gradle.cache.internal.LeastRecentlyUsedCacheCleanup] artifact cache (D:\PROJECT-Android\PROJECT-SUDOKU\SUDOKU\gradle\wrapper\caches\modules-2) [subdir: D:\PROJECT-Android\PROJECT-SUDOKU\SUDOKU\gradle\wrapper\caches\modules-2\files-2.1] removing files not accessed on or after Fri Apr 15 09:55:09 ICT 2022.
2022-05-15T09:56:05.322+0700 [INFO] [org.gradle.cache.internal.AbstractCacheCleanup] artifact cache (D:\PROJECT-Android\PROJECT-SUDOKU\SUDOKU\gradle\wrapper\caches\modules-2) [subdir: D:\PROJECT-Android\PROJECT-SUDOKU\SUDOKU\gradle\wrapper\caches\modules-2\files-2.1] cleanup deleted 0 files/directories.
2022-05-15T09:56:05.323+0700 [INFO] [org.gradle.cache.internal.AbstractCacheCleanup] artifact cache (D:\PROJECT-Android\PROJECT-SUDOKU\SUDOKU\gradle\wrapper\caches\modules-2) [subdir: D:\PROJECT-Android\PROJECT-SUDOKU\SUDOKU\gradle\wrapper\caches\modules-2\metadata-2.97] cleanup deleted 0 files/directories.
2022-05-15T09:56:05.325+0700 [INFO] [org.gradle.cache.internal.DefaultPersistentDirectoryStore] artifact cache (D:\PROJECT-Android\PROJECT-SUDOKU\SUDOKU\gradle\wrapper\caches\modules-2) cleaned up in 0.114 secs.
2022-05-15T09:56:05.326+0700 [DEBUG] [org.gradle.cache.internal.DefaultCacheAccess] Cache Generated Gradle JARs cache (D:\PROJECT-Android\PROJECT-SUDOKU\SUDOKU\gradle\wrapper\caches\7.2\generated-gradle-jars) was closed 0 times.
2022-05-15T09:56:05.328+0700 [DEBUG] [org.gradle.cache.internal.LockOnDemandCrossProcessCacheAccess] Releasing file lock for journal cache (D:\PROJECT-Android\PROJECT-SUDOKU\SUDOKU\gradle\wrapper\caches\journal-1)
2022-05-15T09:56:05.328+0700 [DEBUG] [org.gradle.cache.internal.btree.BTreePersistentIndexedCache] Closing cache file-access.bin (D:\PROJECT-Android\PROJECT-SUDOKU\SUDOKU\gradle\wrapper\caches\journal-1\file-access.bin)
2022-05-15T09:56:05.328+0700 [DEBUG] [org.gradle.cache.internal.DefaultFileLockManager] Releasing lock on journal cache (D:\PROJECT-Android\PROJECT-SUDOKU\SUDOKU\gradle\wrapper\caches\journal-1).
2022-05-15T09:56:05.335+0700 [DEBUG] [org.gradle.cache.internal.LockOnDemandCrossProcessCacheAccess] Releasing file lock for file hash cache (D:\PROJECT-Android\PROJECT-SUDOKU\SUDOKU\gradle\wrapper\caches\7.2\fileHashes)
2022-05-15T09:56:05.337+0700 [DEBUG] [org.gradle.cache.internal.btree.BTreePersistentIndexedCache] Closing cache fileHashes.bin (D:\PROJECT-Android\PROJECT-SUDOKU\SUDOKU\gradle\wrapper\caches\7.2\fileHashes\fileHashes.bin)
2022-05-15T09:56:05.339+0700 [DEBUG] [org.gradle.cache.internal.btree.BTreePersistentIndexedCache] Closing cache resourceHashesCache.bin (D:\PROJECT-Android\PROJECT-SUDOKU\SUDOKU\gradle\wrapper\caches\7.2\fileHashes\resourceHashesCache.bin)
2022-05-15T09:56:05.339+0700 [DEBUG] [org.gradle.cache.internal.DefaultFileLockManager] Releasing lock on file hash cache (D:\PROJECT-Android\PROJECT-SUDOKU\SUDOKU\gradle\wrapper\caches\7.2\fileHashes).
2022-05-15T09:56:05.344+0700 [DEBUG] [org.gradle.cache.internal.LockOnDemandCrossProcessCacheAccess] Releasing file lock for execution history cache (D:\PROJECT-Android\PROJECT-SUDOKU\SUDOKU\gradle\wrapper\caches\7.2\executionHistory)
2022-05-15T09:56:05.344+0700 [DEBUG] [org.gradle.cache.internal.btree.BTreePersistentIndexedCache] Closing cache executionHistory.bin (D:\PROJECT-Android\PROJECT-SUDOKU\SUDOKU\gradle\wrapper\caches\7.2\executionHistory\executionHistory.bin)
2022-05-15T09:56:05.344+0700 [DEBUG] [org.gradle.cache.internal.DefaultFileLockManager] Releasing lock on execution history cache (D:\PROJECT-Android\PROJECT-SUDOKU\SUDOKU\gradle\wrapper\caches\7.2\executionHistory).
2022-05-15T09:56:05.346+0700 [DEBUG] [org.gradle.cache.internal.VersionSpecificCacheCleanupAction] Processed version-specific caches at D:\PROJECT-Android\PROJECT-SUDOKU\SUDOKU\gradle\wrapper\caches for cleanup in 0.0 secs
2022-05-15T09:56:05.352+0700 [DEBUG] [org.gradle.launcher.daemon.registry.PersistentDaemonRegistry] Removing daemon address: [439e33e1-77b0-43d6-9a0a-5eb4a975e9fa port:54383, addresses:[localhost/127.0.0.1]]
Daemon vm is shutting down... The daemon has exited normally or was terminated in response to a user interrupt.
2022-05-15T09:56:05.358+0700 [DEBUG] [org.gradle.cache.internal.DefaultFileLockManager] Waiting to acquire exclusive lock on daemon addresses registry.
2022-05-15T09:56:05.358+0700 [DEBUG] [org.gradle.cache.internal.DefaultFileLockManager] Lock acquired on daemon addresses registry.
2022-05-15T09:56:05.360+0700 [DEBUG] [org.gradle.cache.internal.DefaultFileLockManager] Releasing lock on daemon addresses registry.
